<?xml version="1.0" encoding="UTF-8"?>
<testsuite name="io.grpc.examples.helloworld.HelloWorldClientTest" tests="1" skipped="0" failures="0" errors="0" timestamp="2024-09-23T10:40:27" hostname="DESKTOP-3HV33BT" time="0.049">
  <properties/>
  <testcase name="greet_messageDeliveredToServer" classname="io.grpc.examples.helloworld.HelloWorldClientTest" time="0.049"/>
  <system-out><![CDATA[]]></system-out>
  <system-err><![CDATA[9월 23, 2024 7:40:27 오후 io.grpc.examples.helloworld.HelloWorldClient greet
INFO: Will try to greet test name ...
9월 23, 2024 7:40:27 오후 io.grpc.examples.helloworld.HelloWorldClient greet
WARNING: RPC failed: Status{code=UNIMPLEMENTED, description=Method helloworld.Greeter/SayHello is unimplemented, cause=null}
]]></system-err>
</testsuite>
