<?xml version="1.0" encoding="UTF-8"?>
<testsuite name="io.grpc.examples.header.HeaderClientInterceptorTest" tests="1" skipped="0" failures="0" errors="0" timestamp="2024-09-23T10:40:26" hostname="DESKTOP-3HV33BT" time="0.709">
  <properties/>
  <testcase name="clientHeaderDeliveredToServer" classname="io.grpc.examples.header.HeaderClientInterceptorTest" time="0.709"/>
  <system-out><![CDATA[]]></system-out>
  <system-err><![CDATA[]]></system-err>
</testsuite>
